{"/Users/martinchin/Desktop/socgen/node/config.js": {"path":"/Users/martinchin/Desktop/socgen/node/config.js","statementMap":{"0":{"start":{"line":1,"column":0},"end":{"line":1,"column":27}},"1":{"start":{"line":3,"column":0},"end":{"line":8,"column":2}}},"fnMap":{},"branchMap":{},"s":{"0":1,"1":1},"f":{},"b":{},"_coverageSchema":"43e27e138ebf9cfc5966b082cf9a028302ed4184","hash":"fe68f81eada4d8117fc263dfa7a1efb64b46f266"}
,"/Users/martinchin/Desktop/socgen/node/index.js": {"path":"/Users/martinchin/Desktop/socgen/node/index.js","statementMap":{"0":{"start":{"line":1,"column":0},"end":{"line":1,"column":27}},"1":{"start":{"line":2,"column":11},"end":{"line":2,"column":24}},"2":{"start":{"line":3,"column":14},"end":{"line":3,"column":30}},"3":{"start":{"line":4,"column":13},"end":{"line":4,"column":28}},"4":{"start":{"line":5,"column":15},"end":{"line":5,"column":43}},"5":{"start":{"line":6,"column":15},"end":{"line":6,"column":34}},"6":{"start":{"line":7,"column":17},"end":{"line":7,"column":38}},"7":{"start":{"line":8,"column":16},"end":{"line":8,"column":36}},"8":{"start":{"line":10,"column":16},"end":{"line":10,"column":73}},"9":{"start":{"line":13,"column":21},"end":{"line":16,"column":1}},"10":{"start":{"line":18,"column":19},"end":{"line":18,"column":41}},"11":{"start":{"line":21,"column":0},"end":{"line":23,"column":3}},"12":{"start":{"line":22,"column":1},"end":{"line":22,"column":36}},"13":{"start":{"line":25,"column":0},"end":{"line":27,"column":3}},"14":{"start":{"line":26,"column":1},"end":{"line":26,"column":48}},"15":{"start":{"line":29,"column":0},"end":{"line":31,"column":3}},"16":{"start":{"line":30,"column":1},"end":{"line":30,"column":47}}},"fnMap":{"0":{"name":"(anonymous_0)","decl":{"start":{"line":21,"column":29},"end":{"line":21,"column":30}},"loc":{"start":{"line":21,"column":41},"end":{"line":23,"column":1}},"line":21},"1":{"name":"(anonymous_1)","decl":{"start":{"line":25,"column":64},"end":{"line":25,"column":65}},"loc":{"start":{"line":25,"column":70},"end":{"line":27,"column":1}},"line":25},"2":{"name":"(anonymous_2)","decl":{"start":{"line":29,"column":24},"end":{"line":29,"column":25}},"loc":{"start":{"line":29,"column":30},"end":{"line":31,"column":1}},"line":29}},"branchMap":{},"s":{"0":0,"1":0,"2":0,"3":0,"4":0,"5":0,"6":0,"7":0,"8":0,"9":0,"10":0,"11":0,"12":0,"13":0,"14":0,"15":0,"16":0},"f":{"0":0,"1":0,"2":0},"b":{},"hash":"c639cf2fb56716c0d2172ee6a07625b355a2c418"}
,"/Users/martinchin/Desktop/socgen/node/routers/AuthRouter.js": {"path":"/Users/martinchin/Desktop/socgen/node/routers/AuthRouter.js","statementMap":{"0":{"start":{"line":1,"column":16},"end":{"line":1,"column":34}},"1":{"start":{"line":12,"column":4},"end":{"line":12,"column":35}},"2":{"start":{"line":16,"column":19},"end":{"line":16,"column":35}},"3":{"start":{"line":17,"column":4},"end":{"line":17,"column":99}},"4":{"start":{"line":18,"column":4},"end":{"line":18,"column":97}},"5":{"start":{"line":19,"column":4},"end":{"line":19,"column":18}},"6":{"start":{"line":23,"column":4},"end":{"line":29,"column":9}},"7":{"start":{"line":25,"column":8},"end":{"line":25,"column":28}},"8":{"start":{"line":28,"column":8},"end":{"line":28,"column":39}},"9":{"start":{"line":33,"column":4},"end":{"line":39,"column":9}},"10":{"start":{"line":35,"column":8},"end":{"line":35,"column":28}},"11":{"start":{"line":38,"column":8},"end":{"line":38,"column":39}},"12":{"start":{"line":43,"column":0},"end":{"line":43,"column":28}}},"fnMap":{"0":{"name":"(anonymous_0)","decl":{"start":{"line":11,"column":2},"end":{"line":11,"column":3}},"loc":{"start":{"line":11,"column":28},"end":{"line":13,"column":3}},"line":11},"1":{"name":"(anonymous_1)","decl":{"start":{"line":15,"column":2},"end":{"line":15,"column":3}},"loc":{"start":{"line":15,"column":12},"end":{"line":20,"column":3}},"line":15},"2":{"name":"(anonymous_2)","decl":{"start":{"line":22,"column":2},"end":{"line":22,"column":3}},"loc":{"start":{"line":22,"column":19},"end":{"line":30,"column":3}},"line":22},"3":{"name":"(anonymous_3)","decl":{"start":{"line":24,"column":12},"end":{"line":24,"column":13}},"loc":{"start":{"line":24,"column":23},"end":{"line":26,"column":7}},"line":24},"4":{"name":"(anonymous_4)","decl":{"start":{"line":27,"column":13},"end":{"line":27,"column":14}},"loc":{"start":{"line":27,"column":22},"end":{"line":29,"column":7}},"line":27},"5":{"name":"(anonymous_5)","decl":{"start":{"line":32,"column":2},"end":{"line":32,"column":3}},"loc":{"start":{"line":32,"column":20},"end":{"line":40,"column":3}},"line":32},"6":{"name":"(anonymous_6)","decl":{"start":{"line":34,"column":12},"end":{"line":34,"column":13}},"loc":{"start":{"line":34,"column":23},"end":{"line":36,"column":7}},"line":34},"7":{"name":"(anonymous_7)","decl":{"start":{"line":37,"column":13},"end":{"line":37,"column":14}},"loc":{"start":{"line":37,"column":22},"end":{"line":39,"column":7}},"line":37}},"branchMap":{},"s":{"0":2,"1":6,"2":2,"3":2,"4":2,"5":2,"6":2,"7":1,"8":1,"9":2,"10":1,"11":1,"12":2},"f":{"0":6,"1":2,"2":2,"3":1,"4":1,"5":2,"6":1,"7":1},"b":{},"_coverageSchema":"43e27e138ebf9cfc5966b082cf9a028302ed4184","hash":"4186e97012382a2ab974e18203abce04f1ffc2e7"}
,"/Users/martinchin/Desktop/socgen/node/routers/OrderRouter.js": {"path":"/Users/martinchin/Desktop/socgen/node/routers/OrderRouter.js","statementMap":{"0":{"start":{"line":1,"column":16},"end":{"line":1,"column":34}},"1":{"start":{"line":11,"column":2},"end":{"line":11,"column":35}},"2":{"start":{"line":15,"column":17},"end":{"line":15,"column":33}},"3":{"start":{"line":16,"column":2},"end":{"line":16,"column":151}},"4":{"start":{"line":17,"column":2},"end":{"line":17,"column":16}},"5":{"start":{"line":20,"column":20},"end":{"line":29,"column":3}},"6":{"start":{"line":21,"column":3},"end":{"line":28,"column":6}},"7":{"start":{"line":23,"column":5},"end":{"line":23,"column":41}},"8":{"start":{"line":26,"column":5},"end":{"line":26,"column":26}},"9":{"start":{"line":27,"column":5},"end":{"line":27,"column":40}},"10":{"start":{"line":32,"column":0},"end":{"line":32,"column":29}}},"fnMap":{"0":{"name":"(anonymous_0)","decl":{"start":{"line":10,"column":1},"end":{"line":10,"column":2}},"loc":{"start":{"line":10,"column":27},"end":{"line":12,"column":2}},"line":10},"1":{"name":"(anonymous_1)","decl":{"start":{"line":14,"column":1},"end":{"line":14,"column":2}},"loc":{"start":{"line":14,"column":10},"end":{"line":18,"column":2}},"line":14},"2":{"name":"(anonymous_2)","decl":{"start":{"line":20,"column":20},"end":{"line":20,"column":21}},"loc":{"start":{"line":21,"column":3},"end":{"line":28,"column":6}},"line":21},"3":{"name":"(anonymous_3)","decl":{"start":{"line":22,"column":10},"end":{"line":22,"column":11}},"loc":{"start":{"line":22,"column":22},"end":{"line":24,"column":5}},"line":22},"4":{"name":"(anonymous_4)","decl":{"start":{"line":25,"column":11},"end":{"line":25,"column":12}},"loc":{"start":{"line":25,"column":22},"end":{"line":28,"column":5}},"line":25}},"branchMap":{},"s":{"0":2,"1":4,"2":2,"3":2,"4":2,"5":4,"6":2,"7":1,"8":1,"9":1,"10":2},"f":{"0":4,"1":2,"2":2,"3":1,"4":1},"b":{},"_coverageSchema":"43e27e138ebf9cfc5966b082cf9a028302ed4184","hash":"95904fb79be4343cbf992df664e4dcd7b4abc3cf"}
,"/Users/martinchin/Desktop/socgen/node/routers/StockRouter.js": {"path":"/Users/martinchin/Desktop/socgen/node/routers/StockRouter.js","statementMap":{"0":{"start":{"line":1,"column":16},"end":{"line":1,"column":34}},"1":{"start":{"line":12,"column":2},"end":{"line":12,"column":35}},"2":{"start":{"line":16,"column":17},"end":{"line":16,"column":33}},"3":{"start":{"line":17,"column":2},"end":{"line":17,"column":98}},"4":{"start":{"line":18,"column":2},"end":{"line":18,"column":110}},"5":{"start":{"line":19,"column":2},"end":{"line":19,"column":60}},"6":{"start":{"line":20,"column":2},"end":{"line":20,"column":16}},"7":{"start":{"line":23,"column":14},"end":{"line":32,"column":3}},"8":{"start":{"line":24,"column":3},"end":{"line":31,"column":6}},"9":{"start":{"line":26,"column":5},"end":{"line":26,"column":38}},"10":{"start":{"line":29,"column":5},"end":{"line":29,"column":26}},"11":{"start":{"line":30,"column":5},"end":{"line":30,"column":40}},"12":{"start":{"line":34,"column":16},"end":{"line":43,"column":3}},"13":{"start":{"line":35,"column":3},"end":{"line":42,"column":6}},"14":{"start":{"line":37,"column":5},"end":{"line":37,"column":38}},"15":{"start":{"line":40,"column":5},"end":{"line":40,"column":26}},"16":{"start":{"line":41,"column":5},"end":{"line":41,"column":40}},"17":{"start":{"line":45,"column":17},"end":{"line":54,"column":2}},"18":{"start":{"line":46,"column":2},"end":{"line":53,"column":6}},"19":{"start":{"line":48,"column":5},"end":{"line":48,"column":42}},"20":{"start":{"line":51,"column":5},"end":{"line":51,"column":26}},"21":{"start":{"line":52,"column":5},"end":{"line":52,"column":40}},"22":{"start":{"line":57,"column":0},"end":{"line":57,"column":30}}},"fnMap":{"0":{"name":"(anonymous_0)","decl":{"start":{"line":11,"column":1},"end":{"line":11,"column":2}},"loc":{"start":{"line":11,"column":27},"end":{"line":13,"column":2}},"line":11},"1":{"name":"(anonymous_1)","decl":{"start":{"line":15,"column":1},"end":{"line":15,"column":2}},"loc":{"start":{"line":15,"column":10},"end":{"line":21,"column":2}},"line":15},"2":{"name":"(anonymous_2)","decl":{"start":{"line":23,"column":14},"end":{"line":23,"column":15}},"loc":{"start":{"line":24,"column":3},"end":{"line":31,"column":6}},"line":24},"3":{"name":"(anonymous_3)","decl":{"start":{"line":25,"column":10},"end":{"line":25,"column":11}},"loc":{"start":{"line":25,"column":22},"end":{"line":27,"column":5}},"line":25},"4":{"name":"(anonymous_4)","decl":{"start":{"line":28,"column":11},"end":{"line":28,"column":12}},"loc":{"start":{"line":28,"column":22},"end":{"line":31,"column":5}},"line":28},"5":{"name":"(anonymous_5)","decl":{"start":{"line":34,"column":16},"end":{"line":34,"column":17}},"loc":{"start":{"line":35,"column":3},"end":{"line":42,"column":6}},"line":35},"6":{"name":"(anonymous_6)","decl":{"start":{"line":36,"column":10},"end":{"line":36,"column":11}},"loc":{"start":{"line":36,"column":22},"end":{"line":38,"column":5}},"line":36},"7":{"name":"(anonymous_7)","decl":{"start":{"line":39,"column":11},"end":{"line":39,"column":12}},"loc":{"start":{"line":39,"column":22},"end":{"line":42,"column":5}},"line":39},"8":{"name":"(anonymous_8)","decl":{"start":{"line":45,"column":17},"end":{"line":45,"column":18}},"loc":{"start":{"line":46,"column":2},"end":{"line":53,"column":6}},"line":46},"9":{"name":"(anonymous_9)","decl":{"start":{"line":47,"column":10},"end":{"line":47,"column":11}},"loc":{"start":{"line":47,"column":30},"end":{"line":49,"column":5}},"line":47},"10":{"name":"(anonymous_10)","decl":{"start":{"line":50,"column":11},"end":{"line":50,"column":12}},"loc":{"start":{"line":50,"column":22},"end":{"line":53,"column":5}},"line":50}},"branchMap":{},"s":{"0":2,"1":8,"2":2,"3":2,"4":2,"5":2,"6":2,"7":8,"8":2,"9":1,"10":1,"11":1,"12":8,"13":2,"14":1,"15":1,"16":1,"17":8,"18":2,"19":1,"20":1,"21":1,"22":2},"f":{"0":8,"1":2,"2":2,"3":1,"4":1,"5":2,"6":1,"7":1,"8":2,"9":1,"10":1},"b":{},"_coverageSchema":"43e27e138ebf9cfc5966b082cf9a028302ed4184","hash":"61c55f0be1ac2bb65ce9e35b90c141641fce7b93"}
,"/Users/martinchin/Desktop/socgen/node/routers/index.js": {"path":"/Users/martinchin/Desktop/socgen/node/routers/index.js","statementMap":{"0":{"start":{"line":1,"column":19},"end":{"line":1,"column":41}},"1":{"start":{"line":3,"column":0},"end":{"line":3,"column":34}}},"fnMap":{},"branchMap":{},"s":{"0":0,"1":0},"f":{},"b":{},"hash":"276dfa00e3b6006e27018849c368bb4d35f6420f"}
,"/Users/martinchin/Desktop/socgen/node/services/AuthService.js": {"path":"/Users/martinchin/Desktop/socgen/node/services/AuthService.js","statementMap":{"0":{"start":{"line":2,"column":0},"end":{"line":2,"column":27}},"1":{"start":{"line":3,"column":22},"end":{"line":3,"column":48}},"2":{"start":{"line":10,"column":4},"end":{"line":10,"column":19}},"3":{"start":{"line":11,"column":4},"end":{"line":11,"column":25}},"4":{"start":{"line":12,"column":4},"end":{"line":12,"column":25}},"5":{"start":{"line":13,"column":4},"end":{"line":13,"column":25}},"6":{"start":{"line":14,"column":4},"end":{"line":14,"column":19}},"7":{"start":{"line":18,"column":22},"end":{"line":32,"column":3}},"8":{"start":{"line":19,"column":20},"end":{"line":19,"column":23}},"9":{"start":{"line":20,"column":18},"end":{"line":23,"column":5}},"10":{"start":{"line":24,"column":18},"end":{"line":24,"column":49}},"11":{"start":{"line":25,"column":21},"end":{"line":25,"column":27}},"12":{"start":{"line":26,"column":17},"end":{"line":26,"column":30}},"13":{"start":{"line":27,"column":3},"end":{"line":31,"column":4}},"14":{"start":{"line":28,"column":4},"end":{"line":28,"column":11}},"15":{"start":{"line":30,"column":4},"end":{"line":30,"column":111}},"16":{"start":{"line":38,"column":11},"end":{"line":69,"column":3}},"17":{"start":{"line":39,"column":4},"end":{"line":68,"column":5}},"18":{"start":{"line":40,"column":34},"end":{"line":40,"column":42}},"19":{"start":{"line":41,"column":27},"end":{"line":41,"column":38}},"20":{"start":{"line":42,"column":29},"end":{"line":42,"column":94}},"21":{"start":{"line":43,"column":45},"end":{"line":52,"column":7}},"22":{"start":{"line":54,"column":6},"end":{"line":56,"column":7}},"23":{"start":{"line":55,"column":8},"end":{"line":55,"column":78}},"24":{"start":{"line":58,"column":22},"end":{"line":62,"column":7}},"25":{"start":{"line":63,"column":20},"end":{"line":63,"column":93}},"26":{"start":{"line":64,"column":6},"end":{"line":64,"column":19}},"27":{"start":{"line":66,"column":42},"end":{"line":66,"column":45}},"28":{"start":{"line":67,"column":6},"end":{"line":67,"column":51}},"29":{"start":{"line":76,"column":10},"end":{"line":109,"column":3}},"30":{"start":{"line":77,"column":4},"end":{"line":108,"column":5}},"31":{"start":{"line":78,"column":34},"end":{"line":78,"column":42}},"32":{"start":{"line":79,"column":27},"end":{"line":79,"column":38}},"33":{"start":{"line":80,"column":22},"end":{"line":86,"column":7}},"34":{"start":{"line":88,"column":6},"end":{"line":90,"column":7}},"35":{"start":{"line":89,"column":8},"end":{"line":89,"column":80}},"36":{"start":{"line":92,"column":32},"end":{"line":92,"column":85}},"37":{"start":{"line":94,"column":6},"end":{"line":96,"column":7}},"38":{"start":{"line":95,"column":8},"end":{"line":95,"column":80}},"39":{"start":{"line":98,"column":22},"end":{"line":102,"column":7}},"40":{"start":{"line":103,"column":20},"end":{"line":103,"column":87}},"41":{"start":{"line":104,"column":6},"end":{"line":104,"column":19}},"42":{"start":{"line":106,"column":42},"end":{"line":106,"column":45}},"43":{"start":{"line":107,"column":6},"end":{"line":107,"column":51}},"44":{"start":{"line":112,"column":0},"end":{"line":112,"column":29}}},"fnMap":{"0":{"name":"(anonymous_0)","decl":{"start":{"line":9,"column":2},"end":{"line":9,"column":3}},"loc":{"start":{"line":9,"column":49},"end":{"line":15,"column":3}},"line":9},"1":{"name":"(anonymous_1)","decl":{"start":{"line":18,"column":22},"end":{"line":18,"column":23}},"loc":{"start":{"line":18,"column":42},"end":{"line":32,"column":3}},"line":18},"2":{"name":"(anonymous_2)","decl":{"start":{"line":38,"column":11},"end":{"line":38,"column":12}},"loc":{"start":{"line":38,"column":26},"end":{"line":69,"column":3}},"line":38},"3":{"name":"(anonymous_3)","decl":{"start":{"line":76,"column":10},"end":{"line":76,"column":11}},"loc":{"start":{"line":76,"column":25},"end":{"line":109,"column":3}},"line":76}},"branchMap":{"0":{"loc":{"start":{"line":27,"column":3},"end":{"line":31,"column":4}},"type":"if","locations":[{"start":{"line":27,"column":3},"end":{"line":31,"column":4}},{"start":{"line":27,"column":3},"end":{"line":31,"column":4}}],"line":27},"1":{"loc":{"start":{"line":54,"column":6},"end":{"line":56,"column":7}},"type":"if","locations":[{"start":{"line":54,"column":6},"end":{"line":56,"column":7}},{"start":{"line":54,"column":6},"end":{"line":56,"column":7}}],"line":54},"2":{"loc":{"start":{"line":88,"column":6},"end":{"line":90,"column":7}},"type":"if","locations":[{"start":{"line":88,"column":6},"end":{"line":90,"column":7}},{"start":{"line":88,"column":6},"end":{"line":90,"column":7}}],"line":88},"3":{"loc":{"start":{"line":94,"column":6},"end":{"line":96,"column":7}},"type":"if","locations":[{"start":{"line":94,"column":6},"end":{"line":96,"column":7}},{"start":{"line":94,"column":6},"end":{"line":96,"column":7}}],"line":94}},"s":{"0":2,"1":2,"2":8,"3":8,"4":8,"5":8,"6":8,"7":8,"8":2,"9":2,"10":2,"11":2,"12":2,"13":2,"14":1,"15":1,"16":8,"17":2,"18":2,"19":2,"20":2,"21":2,"22":2,"23":1,"24":1,"25":1,"26":1,"27":1,"28":1,"29":8,"30":3,"31":3,"32":3,"33":3,"34":3,"35":1,"36":2,"37":2,"38":1,"39":1,"40":1,"41":1,"42":2,"43":2,"44":2},"f":{"0":8,"1":2,"2":2,"3":3},"b":{"0":[1,1],"1":[1,1],"2":[1,2],"3":[1,1]},"_coverageSchema":"43e27e138ebf9cfc5966b082cf9a028302ed4184","hash":"7337aaef50e8612f1b4d306172fa64bdf30c3062"}
,"/Users/martinchin/Desktop/socgen/node/services/OrderService.js": {"path":"/Users/martinchin/Desktop/socgen/node/services/OrderService.js","statementMap":{"0":{"start":{"line":1,"column":22},"end":{"line":1,"column":48}},"1":{"start":{"line":2,"column":22},"end":{"line":2,"column":56}},"2":{"start":{"line":9,"column":2},"end":{"line":9,"column":17}},"3":{"start":{"line":10,"column":4},"end":{"line":10,"column":41}},"4":{"start":{"line":14,"column":27},"end":{"line":32,"column":3}},"5":{"start":{"line":15,"column":20},"end":{"line":15,"column":23}},"6":{"start":{"line":16,"column":18},"end":{"line":23,"column":5}},"7":{"start":{"line":24,"column":18},"end":{"line":24,"column":49}},"8":{"start":{"line":25,"column":21},"end":{"line":25,"column":27}},"9":{"start":{"line":26,"column":17},"end":{"line":26,"column":30}},"10":{"start":{"line":27,"column":3},"end":{"line":31,"column":4}},"11":{"start":{"line":28,"column":4},"end":{"line":28,"column":11}},"12":{"start":{"line":30,"column":4},"end":{"line":30,"column":111}},"13":{"start":{"line":35,"column":20},"end":{"line":46,"column":3}},"14":{"start":{"line":36,"column":20},"end":{"line":36,"column":23}},"15":{"start":{"line":37,"column":26},"end":{"line":37,"column":30}},"16":{"start":{"line":38,"column":4},"end":{"line":44,"column":5}},"17":{"start":{"line":39,"column":61},"end":{"line":39,"column":65}},"18":{"start":{"line":40,"column":6},"end":{"line":43,"column":7}},"19":{"start":{"line":41,"column":8},"end":{"line":41,"column":86}},"20":{"start":{"line":42,"column":8},"end":{"line":42,"column":15}},"21":{"start":{"line":45,"column":4},"end":{"line":45,"column":11}},"22":{"start":{"line":50,"column":20},"end":{"line":59,"column":3}},"23":{"start":{"line":51,"column":21},"end":{"line":51,"column":24}},"24":{"start":{"line":52,"column":30},"end":{"line":52,"column":34}},"25":{"start":{"line":53,"column":4},"end":{"line":58,"column":5}},"26":{"start":{"line":54,"column":6},"end":{"line":54,"column":84}},"27":{"start":{"line":54,"column":36},"end":{"line":54,"column":82}},"28":{"start":{"line":56,"column":29},"end":{"line":56,"column":33}},"29":{"start":{"line":57,"column":6},"end":{"line":57,"column":61}},"30":{"start":{"line":57,"column":36},"end":{"line":57,"column":59}},"31":{"start":{"line":62,"column":0},"end":{"line":62,"column":30}}},"fnMap":{"0":{"name":"(anonymous_0)","decl":{"start":{"line":8,"column":1},"end":{"line":8,"column":2}},"loc":{"start":{"line":8,"column":34},"end":{"line":11,"column":2}},"line":8},"1":{"name":"(anonymous_1)","decl":{"start":{"line":14,"column":27},"end":{"line":14,"column":28}},"loc":{"start":{"line":14,"column":47},"end":{"line":32,"column":3}},"line":14},"2":{"name":"(anonymous_2)","decl":{"start":{"line":35,"column":20},"end":{"line":35,"column":21}},"loc":{"start":{"line":35,"column":40},"end":{"line":46,"column":3}},"line":35},"3":{"name":"(anonymous_3)","decl":{"start":{"line":50,"column":20},"end":{"line":50,"column":21}},"loc":{"start":{"line":50,"column":29},"end":{"line":59,"column":3}},"line":50},"4":{"name":"(anonymous_4)","decl":{"start":{"line":54,"column":25},"end":{"line":54,"column":26}},"loc":{"start":{"line":54,"column":36},"end":{"line":54,"column":82}},"line":54},"5":{"name":"(anonymous_5)","decl":{"start":{"line":57,"column":25},"end":{"line":57,"column":26}},"loc":{"start":{"line":57,"column":36},"end":{"line":57,"column":59}},"line":57}},"branchMap":{"0":{"loc":{"start":{"line":27,"column":3},"end":{"line":31,"column":4}},"type":"if","locations":[{"start":{"line":27,"column":3},"end":{"line":31,"column":4}},{"start":{"line":27,"column":3},"end":{"line":31,"column":4}}],"line":27},"1":{"loc":{"start":{"line":40,"column":6},"end":{"line":43,"column":7}},"type":"if","locations":[{"start":{"line":40,"column":6},"end":{"line":43,"column":7}},{"start":{"line":40,"column":6},"end":{"line":43,"column":7}}],"line":40},"2":{"loc":{"start":{"line":53,"column":4},"end":{"line":58,"column":5}},"type":"if","locations":[{"start":{"line":53,"column":4},"end":{"line":58,"column":5}},{"start":{"line":53,"column":4},"end":{"line":58,"column":5}}],"line":53}},"s":{"0":2,"1":2,"2":9,"3":9,"4":9,"5":2,"6":2,"7":2,"8":2,"9":2,"10":2,"11":1,"12":1,"13":9,"14":4,"15":4,"16":4,"17":9,"18":9,"19":3,"20":3,"21":1,"22":9,"23":2,"24":2,"25":2,"26":1,"27":1,"28":1,"29":1,"30":1,"31":2},"f":{"0":9,"1":2,"2":4,"3":2,"4":1,"5":1},"b":{"0":[1,1],"1":[3,6],"2":[1,1]},"_coverageSchema":"43e27e138ebf9cfc5966b082cf9a028302ed4184","hash":"25798b22be4632d390ddd91a5e28932810160377"}
,"/Users/martinchin/Desktop/socgen/node/services/StockService.js": {"path":"/Users/martinchin/Desktop/socgen/node/services/StockService.js","statementMap":{"0":{"start":{"line":1,"column":22},"end":{"line":1,"column":48}},"1":{"start":{"line":8,"column":2},"end":{"line":8,"column":17}},"2":{"start":{"line":9,"column":2},"end":{"line":9,"column":23}},"3":{"start":{"line":10,"column":2},"end":{"line":10,"column":18}},"4":{"start":{"line":14,"column":27},"end":{"line":27,"column":3}},"5":{"start":{"line":15,"column":21},"end":{"line":15,"column":24}},"6":{"start":{"line":16,"column":18},"end":{"line":18,"column":5}},"7":{"start":{"line":19,"column":18},"end":{"line":19,"column":50}},"8":{"start":{"line":20,"column":21},"end":{"line":20,"column":27}},"9":{"start":{"line":21,"column":17},"end":{"line":21,"column":30}},"10":{"start":{"line":22,"column":3},"end":{"line":26,"column":4}},"11":{"start":{"line":23,"column":4},"end":{"line":23,"column":11}},"12":{"start":{"line":25,"column":4},"end":{"line":25,"column":111}},"13":{"start":{"line":30,"column":30},"end":{"line":44,"column":3}},"14":{"start":{"line":31,"column":21},"end":{"line":31,"column":24}},"15":{"start":{"line":32,"column":18},"end":{"line":35,"column":5}},"16":{"start":{"line":36,"column":18},"end":{"line":36,"column":50}},"17":{"start":{"line":37,"column":21},"end":{"line":37,"column":27}},"18":{"start":{"line":38,"column":17},"end":{"line":38,"column":30}},"19":{"start":{"line":39,"column":3},"end":{"line":43,"column":4}},"20":{"start":{"line":40,"column":4},"end":{"line":40,"column":11}},"21":{"start":{"line":42,"column":4},"end":{"line":42,"column":111}},"22":{"start":{"line":47,"column":13},"end":{"line":64,"column":2}},"23":{"start":{"line":48,"column":2},"end":{"line":63,"column":3}},"24":{"start":{"line":49,"column":22},"end":{"line":49,"column":33}},"25":{"start":{"line":50,"column":20},"end":{"line":50,"column":29}},"26":{"start":{"line":51,"column":17},"end":{"line":51,"column":27}},"27":{"start":{"line":52,"column":18},"end":{"line":52,"column":30}},"28":{"start":{"line":53,"column":18},"end":{"line":59,"column":5}},"29":{"start":{"line":60,"column":3},"end":{"line":60,"column":17}},"30":{"start":{"line":62,"column":3},"end":{"line":62,"column":78}},"31":{"start":{"line":67,"column":16},"end":{"line":78,"column":2}},"32":{"start":{"line":68,"column":26},"end":{"line":68,"column":35}},"33":{"start":{"line":69,"column":16},"end":{"line":69,"column":26}},"34":{"start":{"line":70,"column":17},"end":{"line":70,"column":29}},"35":{"start":{"line":71,"column":2},"end":{"line":77,"column":3}},"36":{"start":{"line":72,"column":25},"end":{"line":72,"column":36}},"37":{"start":{"line":73,"column":18},"end":{"line":73,"column":179}},"38":{"start":{"line":74,"column":3},"end":{"line":74,"column":17}},"39":{"start":{"line":76,"column":3},"end":{"line":76,"column":78}},"40":{"start":{"line":81,"column":17},"end":{"line":91,"column":2}},"41":{"start":{"line":82,"column":2},"end":{"line":90,"column":3}},"42":{"start":{"line":83,"column":21},"end":{"line":83,"column":30}},"43":{"start":{"line":84,"column":21},"end":{"line":84,"column":81}},"44":{"start":{"line":85,"column":25},"end":{"line":85,"column":36}},"45":{"start":{"line":86,"column":18},"end":{"line":86,"column":157}},"46":{"start":{"line":87,"column":3},"end":{"line":87,"column":20}},"47":{"start":{"line":89,"column":3},"end":{"line":89,"column":78}},"48":{"start":{"line":94,"column":0},"end":{"line":94,"column":30}}},"fnMap":{"0":{"name":"(anonymous_0)","decl":{"start":{"line":7,"column":1},"end":{"line":7,"column":2}},"loc":{"start":{"line":7,"column":26},"end":{"line":11,"column":2}},"line":7},"1":{"name":"(anonymous_1)","decl":{"start":{"line":14,"column":27},"end":{"line":14,"column":28}},"loc":{"start":{"line":14,"column":47},"end":{"line":27,"column":3}},"line":14},"2":{"name":"(anonymous_2)","decl":{"start":{"line":30,"column":30},"end":{"line":30,"column":31}},"loc":{"start":{"line":30,"column":50},"end":{"line":44,"column":3}},"line":30},"3":{"name":"(anonymous_3)","decl":{"start":{"line":47,"column":13},"end":{"line":47,"column":14}},"loc":{"start":{"line":47,"column":28},"end":{"line":64,"column":2}},"line":47},"4":{"name":"(anonymous_4)","decl":{"start":{"line":67,"column":16},"end":{"line":67,"column":17}},"loc":{"start":{"line":67,"column":31},"end":{"line":78,"column":2}},"line":67},"5":{"name":"(anonymous_5)","decl":{"start":{"line":81,"column":17},"end":{"line":81,"column":18}},"loc":{"start":{"line":81,"column":32},"end":{"line":91,"column":2}},"line":81}},"branchMap":{"0":{"loc":{"start":{"line":22,"column":3},"end":{"line":26,"column":4}},"type":"if","locations":[{"start":{"line":22,"column":3},"end":{"line":26,"column":4}},{"start":{"line":22,"column":3},"end":{"line":26,"column":4}}],"line":22},"1":{"loc":{"start":{"line":39,"column":3},"end":{"line":43,"column":4}},"type":"if","locations":[{"start":{"line":39,"column":3},"end":{"line":43,"column":4}},{"start":{"line":39,"column":3},"end":{"line":43,"column":4}}],"line":39},"2":{"loc":{"start":{"line":84,"column":21},"end":{"line":84,"column":81}},"type":"cond-expr","locations":[{"start":{"line":84,"column":29},"end":{"line":84,"column":76}},{"start":{"line":84,"column":79},"end":{"line":84,"column":81}}],"line":84}},"s":{"0":2,"1":12,"2":12,"3":12,"4":12,"5":2,"6":2,"7":2,"8":2,"9":2,"10":2,"11":1,"12":1,"13":12,"14":2,"15":2,"16":2,"17":2,"18":2,"19":2,"20":1,"21":1,"22":12,"23":2,"24":2,"25":2,"26":2,"27":2,"28":2,"29":1,"30":1,"31":12,"32":2,"33":2,"34":2,"35":2,"36":2,"37":2,"38":1,"39":1,"40":12,"41":3,"42":3,"43":3,"44":3,"45":3,"46":2,"47":1,"48":2},"f":{"0":12,"1":2,"2":2,"3":2,"4":2,"5":3},"b":{"0":[1,1],"1":[1,1],"2":[2,1]},"_coverageSchema":"43e27e138ebf9cfc5966b082cf9a028302ed4184","hash":"20b5499b6a3e3255481ec787605eb6d076df3ee6"}
,"/Users/martinchin/Desktop/socgen/node/services/index.js": {"path":"/Users/martinchin/Desktop/socgen/node/services/index.js","statementMap":{"0":{"start":{"line":1,"column":19},"end":{"line":1,"column":41}},"1":{"start":{"line":3,"column":0},"end":{"line":3,"column":34}}},"fnMap":{},"branchMap":{},"s":{"0":0,"1":0},"f":{},"b":{},"hash":"7d0540878ce45eff22ef3b07a271e3028ddc2e06"}
,"/Users/martinchin/Desktop/socgen/node/shared/error.js": {"path":"/Users/martinchin/Desktop/socgen/node/shared/error.js","statementMap":{"0":{"start":{"line":1,"column":22},"end":{"line":1,"column":80}},"1":{"start":{"line":1,"column":52},"end":{"line":1,"column":79}},"2":{"start":{"line":3,"column":0},"end":{"line":3,"column":31}}},"fnMap":{"0":{"name":"(anonymous_0)","decl":{"start":{"line":1,"column":22},"end":{"line":1,"column":23}},"loc":{"start":{"line":1,"column":52},"end":{"line":1,"column":79}},"line":1}},"branchMap":{},"s":{"0":4,"1":18,"2":4},"f":{"0":18},"b":{},"_coverageSchema":"43e27e138ebf9cfc5966b082cf9a028302ed4184","hash":"795a4609b29cffefaa530af8c9610e40b67b5703"}
,"/Users/martinchin/Desktop/socgen/node/shared/randomInteger.js": {"path":"/Users/martinchin/Desktop/socgen/node/shared/randomInteger.js","statementMap":{"0":{"start":{"line":1,"column":22},"end":{"line":1,"column":81}},"1":{"start":{"line":1,"column":36},"end":{"line":1,"column":81}},"2":{"start":{"line":3,"column":0},"end":{"line":3,"column":31}}},"fnMap":{"0":{"name":"(anonymous_0)","decl":{"start":{"line":1,"column":22},"end":{"line":1,"column":23}},"loc":{"start":{"line":1,"column":36},"end":{"line":1,"column":81}},"line":1}},"branchMap":{},"s":{"0":2,"1":1,"2":2},"f":{"0":1},"b":{},"_coverageSchema":"43e27e138ebf9cfc5966b082cf9a028302ed4184","hash":"4ec37fa78ba701d5c386121b489acc24b43d34b0"}
,"/Users/martinchin/Desktop/socgen/node/utils/app.js": {"path":"/Users/martinchin/Desktop/socgen/node/utils/app.js","statementMap":{"0":{"start":{"line":1,"column":0},"end":{"line":1,"column":27}},"1":{"start":{"line":2,"column":16},"end":{"line":2,"column":34}},"2":{"start":{"line":3,"column":19},"end":{"line":3,"column":41}},"3":{"start":{"line":4,"column":13},"end":{"line":4,"column":28}},"4":{"start":{"line":5,"column":15},"end":{"line":5,"column":32}},"5":{"start":{"line":6,"column":12},"end":{"line":6,"column":26}},"6":{"start":{"line":7,"column":15},"end":{"line":7,"column":32}},"7":{"start":{"line":8,"column":12},"end":{"line":8,"column":35}},"8":{"start":{"line":9,"column":17},"end":{"line":9,"column":38}},"9":{"start":{"line":10,"column":33},"end":{"line":10,"column":83}},"10":{"start":{"line":12,"column":0},"end":{"line":29,"column":2}},"11":{"start":{"line":13,"column":51},"end":{"line":13,"column":58}},"12":{"start":{"line":14,"column":54},"end":{"line":14,"column":62}},"13":{"start":{"line":15,"column":14},"end":{"line":15,"column":23}},"14":{"start":{"line":16,"column":23},"end":{"line":16,"column":47}},"15":{"start":{"line":17,"column":2},"end":{"line":17,"column":28}},"16":{"start":{"line":18,"column":2},"end":{"line":18,"column":29}},"17":{"start":{"line":19,"column":2},"end":{"line":19,"column":54}},"18":{"start":{"line":20,"column":2},"end":{"line":20,"column":18}},"19":{"start":{"line":21,"column":2},"end":{"line":21,"column":30}},"20":{"start":{"line":23,"column":2},"end":{"line":23,"column":110}},"21":{"start":{"line":24,"column":2},"end":{"line":24,"column":128}},"22":{"start":{"line":25,"column":2},"end":{"line":25,"column":99}},"23":{"start":{"line":26,"column":2},"end":{"line":28,"column":4}}},"fnMap":{"0":{"name":"(anonymous_0)","decl":{"start":{"line":12,"column":17},"end":{"line":12,"column":18}},"loc":{"start":{"line":12,"column":56},"end":{"line":29,"column":1}},"line":12}},"branchMap":{},"s":{"0":1,"1":1,"2":1,"3":1,"4":1,"5":1,"6":1,"7":1,"8":1,"9":1,"10":1,"11":1,"12":1,"13":1,"14":1,"15":1,"16":1,"17":1,"18":1,"19":1,"20":1,"21":1,"22":1,"23":1},"f":{"0":1},"b":{},"_coverageSchema":"43e27e138ebf9cfc5966b082cf9a028302ed4184","hash":"cb2b58e8eefc9f08793173a0df6320f9885967f1"}
,"/Users/martinchin/Desktop/socgen/node/utils/passport.js": {"path":"/Users/martinchin/Desktop/socgen/node/utils/passport.js","statementMap":{"0":{"start":{"line":1,"column":17},"end":{"line":1,"column":36}},"1":{"start":{"line":2,"column":20},"end":{"line":2,"column":43}},"2":{"start":{"line":3,"column":19},"end":{"line":3,"column":41}},"3":{"start":{"line":4,"column":22},"end":{"line":4,"column":48}},"4":{"start":{"line":6,"column":0},"end":{"line":41,"column":2}},"5":{"start":{"line":7,"column":23},"end":{"line":7,"column":29}},"6":{"start":{"line":8,"column":15},"end":{"line":8,"column":17}},"7":{"start":{"line":9,"column":2},"end":{"line":9,"column":65}},"8":{"start":{"line":10,"column":2},"end":{"line":10,"column":38}},"9":{"start":{"line":11,"column":19},"end":{"line":23,"column":4}},"10":{"start":{"line":12,"column":4},"end":{"line":14,"column":5}},"11":{"start":{"line":13,"column":6},"end":{"line":13,"column":59}},"12":{"start":{"line":15,"column":29},"end":{"line":15,"column":82}},"13":{"start":{"line":16,"column":4},"end":{"line":22,"column":7}},"14":{"start":{"line":17,"column":6},"end":{"line":21,"column":7}},"15":{"start":{"line":18,"column":8},"end":{"line":18,"column":36}},"16":{"start":{"line":20,"column":8},"end":{"line":20,"column":61}},"17":{"start":{"line":25,"column":2},"end":{"line":25,"column":25}},"18":{"start":{"line":27,"column":2},"end":{"line":40,"column":4}},"19":{"start":{"line":29,"column":6},"end":{"line":29,"column":35}},"20":{"start":{"line":31,"column":24},"end":{"line":39,"column":5}},"21":{"start":{"line":32,"column":6},"end":{"line":38,"column":25}},"22":{"start":{"line":33,"column":8},"end":{"line":37,"column":9}},"23":{"start":{"line":34,"column":10},"end":{"line":34,"column":117}},"24":{"start":{"line":36,"column":10},"end":{"line":36,"column":17}}},"fnMap":{"0":{"name":"(anonymous_0)","decl":{"start":{"line":6,"column":17},"end":{"line":6,"column":18}},"loc":{"start":{"line":6,"column":37},"end":{"line":41,"column":1}},"line":6},"1":{"name":"(anonymous_1)","decl":{"start":{"line":11,"column":50},"end":{"line":11,"column":51}},"loc":{"start":{"line":11,"column":69},"end":{"line":23,"column":3}},"line":11},"2":{"name":"(anonymous_2)","decl":{"start":{"line":16,"column":26},"end":{"line":16,"column":27}},"loc":{"start":{"line":16,"column":34},"end":{"line":22,"column":5}},"line":16},"3":{"name":"(anonymous_3)","decl":{"start":{"line":28,"column":16},"end":{"line":28,"column":17}},"loc":{"start":{"line":28,"column":22},"end":{"line":30,"column":5}},"line":28},"4":{"name":"(anonymous_4)","decl":{"start":{"line":31,"column":18},"end":{"line":31,"column":19}},"loc":{"start":{"line":31,"column":24},"end":{"line":39,"column":5}},"line":31},"5":{"name":"(anonymous_5)","decl":{"start":{"line":31,"column":24},"end":{"line":31,"column":25}},"loc":{"start":{"line":31,"column":44},"end":{"line":39,"column":5}},"line":31},"6":{"name":"(anonymous_6)","decl":{"start":{"line":32,"column":61},"end":{"line":32,"column":62}},"loc":{"start":{"line":32,"column":82},"end":{"line":38,"column":7}},"line":32}},"branchMap":{"0":{"loc":{"start":{"line":12,"column":4},"end":{"line":14,"column":5}},"type":"if","locations":[{"start":{"line":12,"column":4},"end":{"line":14,"column":5}},{"start":{"line":12,"column":4},"end":{"line":14,"column":5}}],"line":12},"1":{"loc":{"start":{"line":12,"column":8},"end":{"line":12,"column":65}},"type":"binary-expr","locations":[{"start":{"line":12,"column":8},"end":{"line":12,"column":20}},{"start":{"line":12,"column":24},"end":{"line":12,"column":65}}],"line":12},"2":{"loc":{"start":{"line":17,"column":6},"end":{"line":21,"column":7}},"type":"if","locations":[{"start":{"line":17,"column":6},"end":{"line":21,"column":7}},{"start":{"line":17,"column":6},"end":{"line":21,"column":7}}],"line":17},"3":{"loc":{"start":{"line":33,"column":8},"end":{"line":37,"column":9}},"type":"if","locations":[{"start":{"line":33,"column":8},"end":{"line":37,"column":9}},{"start":{"line":33,"column":8},"end":{"line":37,"column":9}}],"line":33},"4":{"loc":{"start":{"line":33,"column":12},"end":{"line":33,"column":32}},"type":"binary-expr","locations":[{"start":{"line":33,"column":12},"end":{"line":33,"column":15}},{"start":{"line":33,"column":19},"end":{"line":33,"column":23}},{"start":{"line":33,"column":27},"end":{"line":33,"column":32}}],"line":33}},"s":{"0":1,"1":1,"2":1,"3":1,"4":1,"5":1,"6":1,"7":1,"8":1,"9":1,"10":0,"11":0,"12":0,"13":0,"14":0,"15":0,"16":0,"17":1,"18":1,"19":1,"20":2,"21":2,"22":2,"23":2,"24":0},"f":{"0":1,"1":0,"2":0,"3":1,"4":2,"5":2,"6":2},"b":{"0":[0,0],"1":[0,0],"2":[0,0],"3":[2,0],"4":[2,2,0]},"_coverageSchema":"43e27e138ebf9cfc5966b082cf9a028302ed4184","hash":"4861d35b3be36527941f5b249f2fb0bf3ad30fce"}
}
