TN:
SF:/Users/martinchin/Desktop/socgen/node/config.js
FNF:0
FNH:0
DA:1,1
DA:3,1
LF:2
LH:2
BRF:0
BRH:0
end_of_record
TN:
SF:/Users/martinchin/Desktop/socgen/node/index.js
FN:21,(anonymous_0)
FN:25,(anonymous_1)
FN:29,(anonymous_2)
FNF:3
FNH:0
FNDA:0,(anonymous_0)
FNDA:0,(anonymous_1)
FNDA:0,(anonymous_2)
DA:1,0
DA:2,0
DA:3,0
DA:4,0
DA:5,0
DA:6,0
DA:7,0
DA:8,0
DA:10,0
DA:13,0
DA:18,0
DA:21,0
DA:22,0
DA:25,0
DA:26,0
DA:29,0
DA:30,0
LF:17
LH:0
BRF:0
BRH:0
end_of_record
TN:
SF:/Users/martinchin/Desktop/socgen/node/routers/AuthRouter.js
FN:11,(anonymous_0)
FN:15,(anonymous_1)
FN:22,(anonymous_2)
FN:24,(anonymous_3)
FN:27,(anonymous_4)
FN:32,(anonymous_5)
FN:34,(anonymous_6)
FN:37,(anonymous_7)
FNF:8
FNH:8
FNDA:6,(anonymous_0)
FNDA:2,(anonymous_1)
FNDA:2,(anonymous_2)
FNDA:1,(anonymous_3)
FNDA:1,(anonymous_4)
FNDA:2,(anonymous_5)
FNDA:1,(anonymous_6)
FNDA:1,(anonymous_7)
DA:1,2
DA:12,6
DA:16,2
DA:17,2
DA:18,2
DA:19,2
DA:23,2
DA:25,1
DA:28,1
DA:33,2
DA:35,1
DA:38,1
DA:43,2
LF:13
LH:13
BRF:0
BRH:0
end_of_record
TN:
SF:/Users/martinchin/Desktop/socgen/node/routers/OrderRouter.js
FN:10,(anonymous_0)
FN:14,(anonymous_1)
FN:20,(anonymous_2)
FN:22,(anonymous_3)
FN:25,(anonymous_4)
FNF:5
FNH:5
FNDA:4,(anonymous_0)
FNDA:2,(anonymous_1)
FNDA:2,(anonymous_2)
FNDA:1,(anonymous_3)
FNDA:1,(anonymous_4)
DA:1,2
DA:11,4
DA:15,2
DA:16,2
DA:17,2
DA:20,4
DA:21,2
DA:23,1
DA:26,1
DA:27,1
DA:32,2
LF:11
LH:11
BRF:0
BRH:0
end_of_record
TN:
SF:/Users/martinchin/Desktop/socgen/node/routers/StockRouter.js
FN:11,(anonymous_0)
FN:15,(anonymous_1)
FN:23,(anonymous_2)
FN:25,(anonymous_3)
FN:28,(anonymous_4)
FN:34,(anonymous_5)
FN:36,(anonymous_6)
FN:39,(anonymous_7)
FN:45,(anonymous_8)
FN:47,(anonymous_9)
FN:50,(anonymous_10)
FNF:11
FNH:11
FNDA:8,(anonymous_0)
FNDA:2,(anonymous_1)
FNDA:2,(anonymous_2)
FNDA:1,(anonymous_3)
FNDA:1,(anonymous_4)
FNDA:2,(anonymous_5)
FNDA:1,(anonymous_6)
FNDA:1,(anonymous_7)
FNDA:2,(anonymous_8)
FNDA:1,(anonymous_9)
FNDA:1,(anonymous_10)
DA:1,2
DA:12,8
DA:16,2
DA:17,2
DA:18,2
DA:19,2
DA:20,2
DA:23,8
DA:24,2
DA:26,1
DA:29,1
DA:30,1
DA:34,8
DA:35,2
DA:37,1
DA:40,1
DA:41,1
DA:45,8
DA:46,2
DA:48,1
DA:51,1
DA:52,1
DA:57,2
LF:23
LH:23
BRF:0
BRH:0
end_of_record
TN:
SF:/Users/martinchin/Desktop/socgen/node/routers/index.js
FNF:0
FNH:0
DA:1,0
DA:3,0
LF:2
LH:0
BRF:0
BRH:0
end_of_record
TN:
SF:/Users/martinchin/Desktop/socgen/node/services/AuthService.js
FN:9,(anonymous_0)
FN:18,(anonymous_1)
FN:38,(anonymous_2)
FN:76,(anonymous_3)
FNF:4
FNH:4
FNDA:8,(anonymous_0)
FNDA:2,(anonymous_1)
FNDA:2,(anonymous_2)
FNDA:3,(anonymous_3)
DA:2,2
DA:3,2
DA:10,8
DA:11,8
DA:12,8
DA:13,8
DA:14,8
DA:18,8
DA:19,2
DA:20,2
DA:24,2
DA:25,2
DA:26,2
DA:27,2
DA:28,1
DA:30,1
DA:38,8
DA:39,2
DA:40,2
DA:41,2
DA:42,2
DA:43,2
DA:54,2
DA:55,1
DA:58,1
DA:63,1
DA:64,1
DA:66,1
DA:67,1
DA:76,8
DA:77,3
DA:78,3
DA:79,3
DA:80,3
DA:88,3
DA:89,1
DA:92,2
DA:94,2
DA:95,1
DA:98,1
DA:103,1
DA:104,1
DA:106,2
DA:107,2
DA:112,2
LF:45
LH:45
BRDA:27,0,0,1
BRDA:27,0,1,1
BRDA:54,1,0,1
BRDA:54,1,1,1
BRDA:88,2,0,1
BRDA:88,2,1,2
BRDA:94,3,0,1
BRDA:94,3,1,1
BRF:8
BRH:8
end_of_record
TN:
SF:/Users/martinchin/Desktop/socgen/node/services/OrderService.js
FN:8,(anonymous_0)
FN:14,(anonymous_1)
FN:35,(anonymous_2)
FN:50,(anonymous_3)
FN:54,(anonymous_4)
FN:57,(anonymous_5)
FNF:6
FNH:6
FNDA:9,(anonymous_0)
FNDA:2,(anonymous_1)
FNDA:4,(anonymous_2)
FNDA:2,(anonymous_3)
FNDA:1,(anonymous_4)
FNDA:1,(anonymous_5)
DA:1,2
DA:2,2
DA:9,9
DA:10,9
DA:14,9
DA:15,2
DA:16,2
DA:24,2
DA:25,2
DA:26,2
DA:27,2
DA:28,1
DA:30,1
DA:35,9
DA:36,4
DA:37,4
DA:38,4
DA:39,9
DA:40,9
DA:41,3
DA:42,3
DA:45,1
DA:50,9
DA:51,2
DA:52,2
DA:53,2
DA:54,1
DA:56,1
DA:57,1
DA:62,2
LF:30
LH:30
BRDA:27,0,0,1
BRDA:27,0,1,1
BRDA:40,1,0,3
BRDA:40,1,1,6
BRDA:53,2,0,1
BRDA:53,2,1,1
BRF:6
BRH:6
end_of_record
TN:
SF:/Users/martinchin/Desktop/socgen/node/services/StockService.js
FN:7,(anonymous_0)
FN:14,(anonymous_1)
FN:30,(anonymous_2)
FN:47,(anonymous_3)
FN:67,(anonymous_4)
FN:81,(anonymous_5)
FNF:6
FNH:6
FNDA:12,(anonymous_0)
FNDA:2,(anonymous_1)
FNDA:2,(anonymous_2)
FNDA:2,(anonymous_3)
FNDA:2,(anonymous_4)
FNDA:3,(anonymous_5)
DA:1,2
DA:8,12
DA:9,12
DA:10,12
DA:14,12
DA:15,2
DA:16,2
DA:19,2
DA:20,2
DA:21,2
DA:22,2
DA:23,1
DA:25,1
DA:30,12
DA:31,2
DA:32,2
DA:36,2
DA:37,2
DA:38,2
DA:39,2
DA:40,1
DA:42,1
DA:47,12
DA:48,2
DA:49,2
DA:50,2
DA:51,2
DA:52,2
DA:53,2
DA:60,1
DA:62,1
DA:67,12
DA:68,2
DA:69,2
DA:70,2
DA:71,2
DA:72,2
DA:73,2
DA:74,1
DA:76,1
DA:81,12
DA:82,3
DA:83,3
DA:84,3
DA:85,3
DA:86,3
DA:87,2
DA:89,1
DA:94,2
LF:49
LH:49
BRDA:22,0,0,1
BRDA:22,0,1,1
BRDA:39,1,0,1
BRDA:39,1,1,1
BRDA:84,2,0,2
BRDA:84,2,1,1
BRF:6
BRH:6
end_of_record
TN:
SF:/Users/martinchin/Desktop/socgen/node/services/index.js
FNF:0
FNH:0
DA:1,0
DA:3,0
LF:2
LH:0
BRF:0
BRH:0
end_of_record
TN:
SF:/Users/martinchin/Desktop/socgen/node/shared/error.js
FN:1,(anonymous_0)
FNF:1
FNH:1
FNDA:18,(anonymous_0)
DA:1,18
DA:3,4
LF:2
LH:2
BRF:0
BRH:0
end_of_record
TN:
SF:/Users/martinchin/Desktop/socgen/node/shared/randomInteger.js
FN:1,(anonymous_0)
FNF:1
FNH:1
FNDA:1,(anonymous_0)
DA:1,2
DA:3,2
LF:2
LH:2
BRF:0
BRH:0
end_of_record
TN:
SF:/Users/martinchin/Desktop/socgen/node/utils/app.js
FN:12,(anonymous_0)
FNF:1
FNH:1
FNDA:1,(anonymous_0)
DA:1,1
DA:2,1
DA:3,1
DA:4,1
DA:5,1
DA:6,1
DA:7,1
DA:8,1
DA:9,1
DA:10,1
DA:12,1
DA:13,1
DA:14,1
DA:15,1
DA:16,1
DA:17,1
DA:18,1
DA:19,1
DA:20,1
DA:21,1
DA:23,1
DA:24,1
DA:25,1
DA:26,1
LF:24
LH:24
BRF:0
BRH:0
end_of_record
TN:
SF:/Users/martinchin/Desktop/socgen/node/utils/passport.js
FN:6,(anonymous_0)
FN:11,(anonymous_1)
FN:16,(anonymous_2)
FN:28,(anonymous_3)
FN:31,(anonymous_4)
FN:31,(anonymous_5)
FN:32,(anonymous_6)
FNF:7
FNH:5
FNDA:1,(anonymous_0)
FNDA:0,(anonymous_1)
FNDA:0,(anonymous_2)
FNDA:1,(anonymous_3)
FNDA:2,(anonymous_4)
FNDA:2,(anonymous_5)
FNDA:2,(anonymous_6)
DA:1,1
DA:2,1
DA:3,1
DA:4,1
DA:6,1
DA:7,1
DA:8,1
DA:9,1
DA:10,1
DA:11,1
DA:12,0
DA:13,0
DA:15,0
DA:16,0
DA:17,0
DA:18,0
DA:20,0
DA:25,1
DA:27,1
DA:29,1
DA:31,2
DA:32,2
DA:33,2
DA:34,2
DA:36,0
LF:25
LH:17
BRDA:12,0,0,0
BRDA:12,0,1,0
BRDA:12,1,0,0
BRDA:12,1,1,0
BRDA:17,2,0,0
BRDA:17,2,1,0
BRDA:33,3,0,2
BRDA:33,3,1,0
BRDA:33,4,0,2
BRDA:33,4,1,2
BRDA:33,4,2,0
BRF:11
BRH:3
end_of_record
